<?xml version="1.0" encoding="UTF-8"?>
<testsuite xmlns:xsi="http://www.w3.org/2001/XMLSchema-instance" xsi:noNamespaceSchemaLocation="https://maven.apache.org/surefire/maven-surefire-plugin/xsd/surefire-test-report-3.0.xsd" version="3.0" name="ObserverPatternTest" time="0.155" tests="2" errors="0" skipped="0" failures="0">
  <properties>
[...]
</properties>
  <testcase name="testObserverRemoved" classname="ObserverPatternTest" time="0.089">
    <system-out><![CDATA[Observer 2 ha ricevuto l'aggiornamento: Altro aggiornamento
]]></system-out>
  </testcase>
  <testcase name="testObserverNotified" classname="ObserverPatternTest" time="0.007">
    <system-out><![CDATA[Observer 1 ha ricevuto l'aggiornamento: Stato aggiornato
Observer 2 ha ricevuto l'aggiornamento: Stato aggiornato
]]></system-out>
  </testcase>
</testsuite>